Started by user [8mha:////4KuUW7S9534PynVfBTj8ydAQcukQ195/ubXCuSPFkvQUAAAAlx+LCAAAAAAAAP9b85aBtbiIQTGjNKU4P08vOT+vOD8nVc83PyU1x6OyILUoJzMv2y+/JJUBAhiZGBgqihhk0NSjKDWzXb3RdlLBUSYGJk8GtpzUvPSSDB8G5tKinBIGIZ+sxLJE/ZzEvHT94JKizLx0a6BxUmjGOUNodHsLgAzWEgZu/dLi1CL9xJTczDwAj6GcLcAAAAA=[0mAdmin
Running in Durability level: MAX_SURVIVABILITY
Loading library jenkins-shared-lib@master
Attempting to resolve master from remote references...
 > /usr/bin/git --version # timeout=10
using GIT_SSH to set credentials Jenkins-shared-lib
 > /usr/bin/git ls-remote -h -- git@github.com:guleriagishere/sharedlib.git # timeout=10
Found match: refs/heads/master revision f68761e78746ac227f74cf64213ce67e500f496e
using credential Jenkins-shared-lib
Cloning the remote Git repository
Cloning with configured refspecs honoured and without tags
Cloning repository git@github.com:guleriagishere/sharedlib.git
 > /usr/bin/git init /var/lib/jenkins/workspace/gitlib@libs/jenkins-shared-lib # timeout=10
Fetching upstream changes from git@github.com:guleriagishere/sharedlib.git
 > /usr/bin/git --version # timeout=10
using GIT_SSH to set credentials Jenkins-shared-lib
 > /usr/bin/git fetch --no-tags --progress -- git@github.com:guleriagishere/sharedlib.git +refs/heads/*:refs/remotes/origin/* # timeout=10
 > /usr/bin/git config remote.origin.url git@github.com:guleriagishere/sharedlib.git # timeout=10
 > /usr/bin/git config --add remote.origin.fetch +refs/heads/*:refs/remotes/origin/* # timeout=10
 > /usr/bin/git config remote.origin.url git@github.com:guleriagishere/sharedlib.git # timeout=10
Fetching without tags
Fetching upstream changes from git@github.com:guleriagishere/sharedlib.git
using GIT_SSH to set credentials Jenkins-shared-lib
 > /usr/bin/git fetch --no-tags --progress -- git@github.com:guleriagishere/sharedlib.git +refs/heads/*:refs/remotes/origin/* # timeout=10
Checking out Revision f68761e78746ac227f74cf64213ce67e500f496e (master)
 > /usr/bin/git config core.sparsecheckout # timeout=10
 > /usr/bin/git checkout -f f68761e78746ac227f74cf64213ce67e500f496e # timeout=10
Commit message: "getResultsConverted class import @CPS"
First time build. Skipping changelog.
org.codehaus.groovy.control.MultipleCompilationErrorsException: startup failed:
WorkflowScript: 8: Unknown stage section "git". Starting with version 0.5, steps in a stage must be in a â€˜stepsâ€™ block. @ line 8, column 9.
           stage("git checkout"){
           ^

WorkflowScript: 8: Expected one of "steps", "stages", or "parallel" for stage "git checkout" @ line 8, column 9.
           stage("git checkout"){
           ^

2 errors

	at org.codehaus.groovy.control.ErrorCollector.failIfErrors(ErrorCollector.java:310)
	at org.codehaus.groovy.control.CompilationUnit.applyToPrimaryClassNodes(CompilationUnit.java:1085)
	at org.codehaus.groovy.control.CompilationUnit.doPhaseOperation(CompilationUnit.java:603)
	at org.codehaus.groovy.control.CompilationUnit.processPhaseOperations(CompilationUnit.java:581)
	at org.codehaus.groovy.control.CompilationUnit.compile(CompilationUnit.java:558)
	at groovy.lang.GroovyClassLoader.doParseClass(GroovyClassLoader.java:298)
	at groovy.lang.GroovyClassLoader.parseClass(GroovyClassLoader.java:268)
	at groovy.lang.GroovyShell.parseClass(GroovyShell.java:688)
	at groovy.lang.GroovyShell.parse(GroovyShell.java:700)
	at org.jenkinsci.plugins.workflow.cps.CpsGroovyShell.doParse(CpsGroovyShell.java:142)
	at org.jenkinsci.plugins.workflow.cps.CpsGroovyShell.reparse(CpsGroovyShell.java:127)
	at org.jenkinsci.plugins.workflow.cps.CpsFlowExecution.parseScript(CpsFlowExecution.java:561)
	at org.jenkinsci.plugins.workflow.cps.CpsFlowExecution.start(CpsFlowExecution.java:522)
	at org.jenkinsci.plugins.workflow.job.WorkflowRun.run(WorkflowRun.java:337)
	at hudson.model.ResourceController.execute(ResourceController.java:97)
	at hudson.model.Executor.run(Executor.java:428)
Finished: FAILURE
